2025-05-10 14:00:20,993 - INFO - Starting weather data fetch and save sequence...
2025-05-10 14:00:21,285 - INFO - Current weather data fetched successfully.
2025-05-10 14:00:21,285 - INFO - Saving current weather data to the database...
2025-05-10 14:00:23,664 - INFO - Forecast weather data fetched successfully.
2025-05-10 14:00:23,666 - INFO - Saving forecast weather data to the database...
2025-05-10 14:02:13,826 - INFO - Starting weather data fetch and save sequence...
2025-05-10 14:02:13,969 - INFO - Current weather data fetched successfully.
2025-05-10 14:02:13,969 - INFO - Saving current weather data to the database...
2025-05-10 14:02:16,220 - INFO - Forecast weather data fetched successfully.
2025-05-10 14:02:16,224 - INFO - Saving forecast weather data to the database...
2025-05-10 14:02:46,969 - INFO - Starting weather data fetch and save sequence...
2025-05-10 14:02:47,121 - INFO - Current weather data fetched successfully.
2025-05-10 14:02:47,122 - INFO - Saving current weather data to the database...
2025-05-10 14:02:49,219 - INFO - Forecast weather data fetched successfully.
2025-05-10 14:02:49,222 - INFO - Saving forecast weather data to the database...
2025-05-11 14:42:52,035 - INFO - Starting weather data fetch and save sequence...
2025-05-11 14:42:52,462 - ERROR - Error fetching current weather data: 403 Client Error: Forbidden for url: http://api.weatherapi.com/v1/current.json?key=YOUR_API_KEY&q=Egypt
2025-05-11 14:42:52,463 - WARNING - No current weather data to save.
2025-05-11 14:42:52,735 - ERROR - Error fetching forecast weather data: 403 Client Error: Forbidden for url: http://api.weatherapi.com/v1/forecast.json?key=YOUR_API_KEY&q=Egypt&days=4
2025-05-11 14:42:52,736 - WARNING - No forecast weather data to save.
2025-05-11 14:44:53,368 - INFO - Starting weather data fetch and save sequence...
2025-05-11 14:44:53,703 - INFO - Current weather data fetched successfully.
2025-05-11 14:44:53,704 - INFO - Saving current weather data to the database...
2025-05-11 14:44:58,751 - INFO - Forecast weather data fetched successfully.
2025-05-11 14:44:58,754 - INFO - Saving forecast weather data to the database...
2025-05-11 15:20:43,554 - INFO - Starting weather data fetch and save sequence...
2025-05-11 15:20:43,562 - ERROR - Error fetching current weather data: HTTPConnectionPool(host='api.weatherapi.com', port=80): Max retries exceeded with url: /v1/current.json?key=2b2ccf51b4784a65aa100305250905&q=Egypt (Caused by NameResolutionError("<urllib3.connection.HTTPConnection object at 0x1067ad550>: Failed to resolve 'api.weatherapi.com' ([Errno 8] nodename nor servname provided, or not known)"))
2025-05-11 15:20:43,562 - WARNING - No current weather data to save.
2025-05-11 15:20:43,564 - ERROR - Error fetching forecast weather data: HTTPConnectionPool(host='api.weatherapi.com', port=80): Max retries exceeded with url: /v1/forecast.json?key=2b2ccf51b4784a65aa100305250905&q=Egypt&days=4 (Caused by NameResolutionError("<urllib3.connection.HTTPConnection object at 0x1067e1a90>: Failed to resolve 'api.weatherapi.com' ([Errno 8] nodename nor servname provided, or not known)"))
2025-05-11 15:20:43,564 - WARNING - No forecast weather data to save.
2025-05-11 15:20:50,987 - INFO - Starting weather data fetch and save sequence...
2025-05-11 15:20:51,267 - INFO - Current weather data fetched successfully.
2025-05-11 15:20:51,268 - INFO - Saving current weather data to the database...
2025-05-11 15:20:54,852 - INFO - Forecast weather data fetched successfully.
2025-05-11 15:20:54,856 - INFO - Saving forecast weather data to the database...
2025-05-11 15:23:45,265 - INFO - Starting weather data fetch and save sequence...
2025-05-11 15:23:45,585 - INFO - Current weather data fetched successfully.
2025-05-11 15:23:45,586 - INFO - Saving current weather data to the database...
2025-05-11 15:23:48,426 - INFO - Forecast weather data fetched successfully.
2025-05-11 15:23:48,430 - INFO - Saving forecast weather data to the database...
2025-05-11 15:26:35,176 - INFO - Starting weather data fetch and save sequence...
2025-05-11 15:26:35,482 - INFO - Current weather data fetched successfully.
2025-05-11 15:26:35,483 - INFO - Saving current weather data to the database...
2025-05-11 15:26:49,139 - ERROR - Error fetching forecast weather data: 502 Server Error: Bad Gateway for url: http://api.weatherapi.com/v1/forecast.json?key=2b2ccf51b4784a65aa100305250905&q=Egypt&days=4
2025-05-11 15:26:49,140 - WARNING - No forecast weather data to save.
2025-05-11 15:28:42,877 - INFO - Starting weather data fetch and save sequence...
2025-05-11 15:28:43,231 - INFO - Current weather data fetched successfully.
2025-05-11 15:28:43,232 - INFO - Saving current weather data to the database...
2025-05-11 15:28:47,331 - INFO - Forecast weather data fetched successfully.
2025-05-11 15:28:47,342 - INFO - Saving forecast weather data to the database...
2025-05-12 17:50:30,872 - INFO - Starting weather data fetch and save sequence...
2025-05-12 17:50:31,093 - INFO - Current weather data fetched successfully.
2025-05-12 17:50:31,094 - INFO - Saving current weather data to the database...
2025-05-12 17:50:33,335 - INFO - Forecast weather data fetched successfully.
2025-05-12 17:50:33,345 - INFO - Saving forecast weather data to the database...
2025-05-13 18:28:47,011 - INFO - Starting weather data fetch and save sequence...
2025-05-13 18:28:47,228 - INFO - Current weather data fetched successfully.
2025-05-13 18:28:47,229 - INFO - Saving current weather data to the database...
2025-05-13 18:28:49,643 - INFO - Forecast weather data fetched successfully.
2025-05-13 18:28:49,653 - INFO - Saving forecast weather data to the database...
